0 info it worked if it ends with ok
1 verbose cli [ 'C:\\Program Files\\nodejs\\node.exe',
1 verbose cli   'C:\\Program Files\\nodejs\\node_modules\\npm\\bin\\npm-cli.js',
1 verbose cli   'run',
1 verbose cli   'gulp',
1 verbose cli   '--scripts-prepend-node-path=auto',
1 verbose cli   'listen' ]
2 info using npm@3.10.10
3 info using node@v6.11.2
4 verbose run-script [ 'pregulp', 'gulp', 'postgulp' ]
5 info lifecycle skynance@1.0.0~pregulp: skynance@1.0.0
6 silly lifecycle skynance@1.0.0~pregulp: no script for pregulp, continuing
7 info lifecycle skynance@1.0.0~gulp: skynance@1.0.0
8 verbose lifecycle skynance@1.0.0~gulp: unsafe-perm in lifecycle true
9 verbose lifecycle skynance@1.0.0~gulp: PATH: C:\Program Files\nodejs\node_modules\npm\bin\node-gyp-bin;C:\Users\Skynance\Documents\Projeto\node_modules\.bin;C:\Program Files (x86)\Common Files\Intel\Shared Files\cpp\bin\Intel64;C:\ProgramData\Oracle\Java\javapath;C:\Program Files (x86)\Intel\iCLS Client\;C:\Program Files\Intel\iCLS Client\;C:\Windows\system32;C:\Windows;C:\Windows\System32\Wbem;C:\Windows\System32\WindowsPowerShell\v1.0\;C:\Program Files\Intel\Intel(R) Management Engine Components\DAL;C:\Program Files\Intel\Intel(R) Management Engine Components\IPT;C:\Program Files (x86)\Intel\Intel(R) Management Engine Components\DAL;C:\Program Files (x86)\Intel\Intel(R) Management Engine Components\IPT;C:\xampp\php;C:\composer;C:\Program Files\nodejs\;C:\ProgramData\chocolatey\bin;C:\Program Files\Git\cmd;C:\Program Files (x86)\Brackets\command;C:\Users\Skynance\AppData\Roaming\Composer\vendor\bin;C:\Users\Skynance\AppData\Roaming\npm
10 verbose lifecycle skynance@1.0.0~gulp: CWD: C:\Users\Skynance\Documents\Projeto
11 silly lifecycle skynance@1.0.0~gulp: Args: [ '/d /s /c', 'gulp "listen"' ]
12 silly lifecycle skynance@1.0.0~gulp: Returned: code: 1  signal: null
13 info lifecycle skynance@1.0.0~gulp: Failed to exec gulp script
14 verbose stack Error: skynance@1.0.0 gulp: `gulp "listen"`
14 verbose stack Exit status 1
14 verbose stack     at EventEmitter.<anonymous> (C:\Program Files\nodejs\node_modules\npm\lib\utils\lifecycle.js:255:16)
14 verbose stack     at emitTwo (events.js:106:13)
14 verbose stack     at EventEmitter.emit (events.js:191:7)
14 verbose stack     at ChildProcess.<anonymous> (C:\Program Files\nodejs\node_modules\npm\lib\utils\spawn.js:40:14)
14 verbose stack     at emitTwo (events.js:106:13)
14 verbose stack     at ChildProcess.emit (events.js:191:7)
14 verbose stack     at maybeClose (internal/child_process.js:891:16)
14 verbose stack     at Process.ChildProcess._handle.onexit (internal/child_process.js:226:5)
15 verbose pkgid skynance@1.0.0
16 verbose cwd C:\Users\Skynance\Documents\Projeto
17 error Windows_NT 6.1.7601
18 error argv "C:\\Program Files\\nodejs\\node.exe" "C:\\Program Files\\nodejs\\node_modules\\npm\\bin\\npm-cli.js" "run" "gulp" "--scripts-prepend-node-path=auto" "listen"
19 error node v6.11.2
20 error npm  v3.10.10
21 error code ELIFECYCLE
22 error skynance@1.0.0 gulp: `gulp "listen"`
22 error Exit status 1
23 error Failed at the skynance@1.0.0 gulp script 'gulp "listen"'.
23 error Make sure you have the latest version of node.js and npm installed.
23 error If you do, this is most likely a problem with the skynance package,
23 error not with npm itself.
23 error Tell the author that this fails on your system:
23 error     gulp "listen"
23 error You can get information on how to open an issue for this project with:
23 error     npm bugs skynance
23 error Or if that isn't available, you can get their info via:
23 error     npm owner ls skynance
23 error There is likely additional logging output above.
24 verbose exit [ 1, true ]
